<?xml version="1.0" encoding="UTF-8" ?>
<testsuite failures="0" time="5.755" errors="0" skipped="0" tests="10" name="maltcms.io.xml.mzData.MzDataDataSourceTest">
  <properties>
[...]
</properties>
  <testcase time="0.256" classname="maltcms.io.xml.mzData.MzDataDataSourceTest" name="testSavedVariableFragmentEquality"/>
  <testcase time="1.015" classname="maltcms.io.xml.mzData.MzDataDataSourceTest" name="testReadSingle"/>
  <testcase time="0.382" classname="maltcms.io.xml.mzData.MzDataDataSourceTest" name="testMultiChainedReadWrite"/>
  <testcase time="0.056" classname="maltcms.io.xml.mzData.MzDataDataSourceTest" name="testWriteRead"/>
  <testcase time="0.002" classname="maltcms.io.xml.mzData.MzDataDataSourceTest" name="testSupportedFormats"/>
  <testcase time="0.003" classname="maltcms.io.xml.mzData.MzDataDataSourceTest" name="testCanRead"/>
  <testcase time="0.4" classname="maltcms.io.xml.mzData.MzDataDataSourceTest" name="testReadStructure_IVariableFragment"/>
  <testcase time="0.004" classname="maltcms.io.xml.mzData.MzDataDataSourceTest" name="testVariableFragmentEquality"/>
  <testcase time="1.158" classname="maltcms.io.xml.mzData.MzDataDataSourceTest" name="testReadIndexed"/>
  <testcase time="2.479" classname="maltcms.io.xml.mzData.MzDataDataSourceTest" name="testReadAll"/>
</testsuite>